#
# There is insufficient memory for the Java Runtime Environment to continue.
# Native memory allocation (malloc) failed to allocate 1048576 bytes for AllocateHeap
# Possible reasons:
#   The system is out of physical RAM or swap space
#   In 32 bit mode, the process size limit was hit
# Possible solutions:
#   Reduce memory load on the system
#   Increase physical memory or swap space
#   Check if swap backing store is full
#   Use 64 bit Java on a 64 bit OS
#   Decrease Java heap size (-Xmx/-Xms)
#   Decrease number of Java threads
#   Decrease Java thread stack sizes (-Xss)
#   Set larger code cache with -XX:ReservedCodeCacheSize=
# This output file may be truncated or incomplete.
#
#  Out of Memory Error (memory/allocation.inline.hpp:61), pid=24476, tid=0x0000000000006750
#
# JRE version:  (8.0_172-b11) (build )
# Java VM: Java HotSpot(TM) 64-Bit Server VM (25.172-b11 mixed mode windows-amd64 compressed oops)
# Failed to write core dump. Minidumps are not enabled by default on client versions of Windows
#

---------------  T H R E A D  ---------------

Current thread (0x0000000002eb2800):  JavaThread "Unknown thread" [_thread_in_vm, id=26448, stack(0x0000000002d50000,0x0000000002e50000)]

Stack: [0x0000000002d50000,0x0000000002e50000]
[error occurred during error reporting (printing stack bounds), id 0xc0000005]

Native frames: (J=compiled Java code, j=interpreted, Vv=VM code, C=native code)


---------------  P R O C E S S  ---------------

Java Threads: ( => current thread )

Other Threads:

=>0x0000000002eb2800 (exited) JavaThread "Unknown thread" [_thread_in_vm, id=26448, stack(0x0000000002d50000,0x0000000002e50000)]

VM state:not at safepoint (normal execution)

VM Mutex/Monitor currently owned by a thread: None

Heap:
 PSYoungGen      total 76288K, used 1310K [0x000000076ae00000, 0x0000000770300000, 0x00000007c0000000)
  eden space 65536K, 2% used [0x000000076ae00000,0x000000076af47af0,0x000000076ee00000)
  from space 10752K, 0% used [0x000000076f880000,0x000000076f880000,0x0000000770300000)
  to   space 10752K, 0% used [0x000000076ee00000,0x000000076ee00000,0x000000076f880000)
 ParOldGen       total 175104K, used 0K [0x00000006c0a00000, 0x00000006cb500000, 0x000000076ae00000)
  object space 175104K, 0% used [0x00000006c0a00000,0x00000006c0a00000,0x00000006cb500000)
 Metaspace       used 784K, capacity 1092K, committed 1152K, reserved 1060864K
  class space    used 76K, capacity 384K, committed 384K, reserved 1048576K

Card table byte_map: [0x0000000012370000,0x0000000012b70000] byte_map_base: 0x000000000ed6b000

Marking Bits: (ParMarkBitMap*) 0x00000000713b3c10
 Begin Bits: [0x00000000138d0000, 0x00000000178a8000)
 End Bits:   [0x00000000178a8000, 0x000000001b880000)

Polling page: 0x0000000000b40000

CodeCache: size=245760Kb used=328Kb max_used=328Kb free=245431Kb
 bounds [0x0000000002fb0000, 0x0000000003220000, 0x0000000011fb0000]
 total_blobs=58 nmethods=0 adapters=38
 compilation: enabled

Compilation events (0 events):
No events

GC Heap History (0 events):
No events

Deoptimization events (0 events):
No events

Classes redefined (0 events):
No events

Internal exceptions (0 events):
No events

Events (10 events):
Event: 0.207 loading class java/lang/Short
Event: 0.207 loading class java/lang/Short done
Event: 0.207 loading class java/lang/Integer
Event: 0.207 loading class java/lang/Integer done
Event: 0.207 loading class java/lang/Long
Event: 0.207 loading class java/lang/Long done
Event: 0.208 loading class java/lang/NullPointerException
Event: 0.208 loading class java/lang/NullPointerException done
Event: 0.208 loading class java/lang/ArithmeticException
Event: 0.208 loading class java/lang/ArithmeticException done


Dynamic libraries:
0x00007ff64f360000 - 0x00007ff64f397000 	C:\Program Files\Java\jdk1.8.0_172\bin\javaw.exe
0x00007ffad1120000 - 0x00007ffad1301000 	C:\WINDOWS\SYSTEM32\ntdll.dll
0x00007ffad0fb0000 - 0x00007ffad1061000 	C:\WINDOWS\System32\KERNEL32.DLL
0x00007ffacdda0000 - 0x00007fface013000 	C:\WINDOWS\System32\KERNELBASE.dll
0x00007ffad0f00000 - 0x00007ffad0fa1000 	C:\WINDOWS\System32\ADVAPI32.dll
0x00007ffad0a60000 - 0x00007ffad0afe000 	C:\WINDOWS\System32\msvcrt.dll
0x00007ffad0ea0000 - 0x00007ffad0efb000 	C:\WINDOWS\System32\sechost.dll
0x00007ffad0500000 - 0x00007ffad0624000 	C:\WINDOWS\System32\RPCRT4.dll
0x00007ffacfe40000 - 0x00007ffacffd0000 	C:\WINDOWS\System32\USER32.dll
0x00007fface1d0000 - 0x00007fface1f0000 	C:\WINDOWS\System32\win32u.dll
0x00007fface710000 - 0x00007fface738000 	C:\WINDOWS\System32\GDI32.dll
0x00007ffacd4f0000 - 0x00007ffacd681000 	C:\WINDOWS\System32\gdi32full.dll
0x00007fface1f0000 - 0x00007fface28f000 	C:\WINDOWS\System32\msvcp_win.dll
0x00007fface0d0000 - 0x00007fface1c8000 	C:\WINDOWS\System32\ucrtbase.dll
0x00007ffac2490000 - 0x00007ffac26f9000 	C:\WINDOWS\WinSxS\amd64_microsoft.windows.common-controls_6595b64144ccf1df_6.0.17134.829_none_fb46a5473061b9d5\COMCTL32.dll
0x00007ffad0730000 - 0x00007ffad0a52000 	C:\WINDOWS\System32\combase.dll
0x00007fface480000 - 0x00007fface4fa000 	C:\WINDOWS\System32\bcryptPrimitives.dll
0x00007ffacffd0000 - 0x00007ffacfffd000 	C:\WINDOWS\System32\IMM32.DLL
0x0000000071440000 - 0x0000000071512000 	C:\Program Files\Java\jdk1.8.0_172\jre\bin\msvcr100.dll
0x0000000070b90000 - 0x0000000071433000 	C:\Program Files\Java\jdk1.8.0_172\jre\bin\server\jvm.dll
0x00007fface740000 - 0x00007fface748000 	C:\WINDOWS\System32\PSAPI.DLL
0x00007ffac95b0000 - 0x00007ffac95d3000 	C:\WINDOWS\SYSTEM32\WINMM.dll
0x00007ffac70b0000 - 0x00007ffac70ba000 	C:\WINDOWS\SYSTEM32\VERSION.dll
0x00007ffac94a0000 - 0x00007ffac94ca000 	C:\WINDOWS\SYSTEM32\WINMMBASE.dll
0x00007fface020000 - 0x00007fface069000 	C:\WINDOWS\System32\cfgmgr32.dll
0x00007ffabbb30000 - 0x00007ffabbb39000 	C:\WINDOWS\SYSTEM32\WSOCK32.dll
0x00007ffad0e30000 - 0x00007ffad0e9c000 	C:\WINDOWS\System32\WS2_32.dll
0x0000000070b80000 - 0x0000000070b8f000 	C:\Program Files\Java\jdk1.8.0_172\jre\bin\verify.dll
0x0000000070b50000 - 0x0000000070b79000 	C:\Program Files\Java\jdk1.8.0_172\jre\bin\java.dll
0x0000000070b30000 - 0x0000000070b46000 	C:\Program Files\Java\jdk1.8.0_172\jre\bin\zip.dll

VM Arguments:
jvm_args: -Dfile.encoding=GBK 
java_command: oskeshe.Oskeshe
java_class_path (initial): F:\JavaEE_WorkSpace\oskeshe\bin
Launcher Type: SUN_STANDARD

Environment Variables:
JAVA_HOME=C:\Program Files\Java\jdk1.8.0_191
CLASSPATH=.;%C:\Program Files\Java\jdk1.8.0_191%\lib\dt.jar;%C:\Program Files\Java\jdk1.8.0_191%\lib\tools.jar£»
USERNAME=admin
OS=Windows_NT
PROCESSOR_IDENTIFIER=Intel64 Family 6 Model 158 Stepping 9, GenuineIntel



---------------  S Y S T E M  ---------------

OS: Windows 10.0 , 64 bit Build 17134 (10.0.17134.753)

CPU:total 8 (initial active 8) (4 cores per cpu, 2 threads per core) family 6 model 158 stepping 9, cmov, cx8, fxsr, mmx, sse, sse2, sse3, ssse3, sse4.1, sse4.2, popcnt, avx, avx2, aes, clmul, erms, 3dnowpref, lzcnt, ht, tsc, tscinvbit, bmi1, bmi2, adx

Memory: 4k page, physical 16733260k(8225848k free), swap 37094960k(4352k free)

vm_info: Java HotSpot(TM) 64-Bit Server VM (25.172-b11) for windows-amd64 JRE (1.8.0_172-b11), built on Mar 28 2018 21:21:52 by "java_re" with MS VC++ 10.0 (VS2010)

time: Tue Jul 02 10:36:48 2019
elapsed time: 0 seconds (0d 0h 0m 0s)

