#
# There is insufficient memory for the Java Runtime Environment to continue.
# Native memory allocation (malloc) failed to allocate 1048576 bytes for AllocateHeap
# Possible reasons:
#   The system is out of physical RAM or swap space
#   In 32 bit mode, the process size limit was hit
# Possible solutions:
#   Reduce memory load on the system
#   Increase physical memory or swap space
#   Check if swap backing store is full
#   Use 64 bit Java on a 64 bit OS
#   Decrease Java heap size (-Xmx/-Xms)
#   Decrease number of Java threads
#   Decrease Java thread stack sizes (-Xss)
#   Set larger code cache with -XX:ReservedCodeCacheSize=
# This output file may be truncated or incomplete.
#
#  Out of Memory Error (memory/allocation.inline.hpp:61), pid=7672, tid=0x0000000000006b9c
#
# JRE version:  (8.0_172-b11) (build )
# Java VM: Java HotSpot(TM) 64-Bit Server VM (25.172-b11 mixed mode windows-amd64 compressed oops)
# Failed to write core dump. Minidumps are not enabled by default on client versions of Windows
#

---------------  T H R E A D  ---------------

Current thread (0x0000000003042800):  JavaThread "Unknown thread" [_thread_in_vm, id=27548, stack(0x0000000002b90000,0x0000000002c90000)]

Stack: [0x0000000002b90000,0x0000000002c90000]
[error occurred during error reporting (printing stack bounds), id 0xc0000005]

Native frames: (J=compiled Java code, j=interpreted, Vv=VM code, C=native code)


---------------  P R O C E S S  ---------------

Java Threads: ( => current thread )

Other Threads:

=>0x0000000003042800 (exited) JavaThread "Unknown thread" [_thread_in_vm, id=27548, stack(0x0000000002b90000,0x0000000002c90000)]

VM state:not at safepoint (normal execution)

VM Mutex/Monitor currently owned by a thread: None

Heap:
 PSYoungGen      total 76288K, used 1310K [0x000000076ae00000, 0x0000000770300000, 0x00000007c0000000)
  eden space 65536K, 2% used [0x000000076ae00000,0x000000076af47af0,0x000000076ee00000)
  from space 10752K, 0% used [0x000000076f880000,0x000000076f880000,0x0000000770300000)
  to   space 10752K, 0% used [0x000000076ee00000,0x000000076ee00000,0x000000076f880000)
 ParOldGen       total 175104K, used 0K [0x00000006c0a00000, 0x00000006cb500000, 0x000000076ae00000)
  object space 175104K, 0% used [0x00000006c0a00000,0x00000006c0a00000,0x00000006cb500000)
 Metaspace       used 775K, capacity 4480K, committed 4480K, reserved 1056768K
  class space    used 76K, capacity 384K, committed 384K, reserved 1048576K

Card table byte_map: [0x00000000125a0000,0x0000000012da0000] byte_map_base: 0x000000000ef9b000

Marking Bits: (ParMarkBitMap*) 0x0000000059023c10
 Begin Bits: [0x0000000013b00000, 0x0000000017ad8000)
 End Bits:   [0x0000000017ad8000, 0x000000001bab0000)

Polling page: 0x0000000000de0000

CodeCache: size=245760Kb used=328Kb max_used=328Kb free=245431Kb
 bounds [0x00000000031e0000, 0x0000000003450000, 0x00000000121e0000]
 total_blobs=58 nmethods=0 adapters=38
 compilation: enabled

Compilation events (0 events):
No events

GC Heap History (0 events):
No events

Deoptimization events (0 events):
No events

Classes redefined (0 events):
No events

Internal exceptions (0 events):
No events

Events (10 events):
Event: 0.056 loading class java/lang/Short
Event: 0.056 loading class java/lang/Short done
Event: 0.056 loading class java/lang/Integer
Event: 0.056 loading class java/lang/Integer done
Event: 0.056 loading class java/lang/Long
Event: 0.056 loading class java/lang/Long done
Event: 0.057 loading class java/lang/NullPointerException
Event: 0.057 loading class java/lang/NullPointerException done
Event: 0.057 loading class java/lang/ArithmeticException
Event: 0.057 loading class java/lang/ArithmeticException done


Dynamic libraries:
0x00007ff73c230000 - 0x00007ff73c267000 	C:\Program Files\Java\jdk1.8.0_172\bin\javaw.exe
0x00007ffe41b30000 - 0x00007ffe41d11000 	C:\WINDOWS\SYSTEM32\ntdll.dll
0x00007ffe3efc0000 - 0x00007ffe3f071000 	C:\WINDOWS\System32\KERNEL32.DLL
0x00007ffe3dfb0000 - 0x00007ffe3e223000 	C:\WINDOWS\System32\KERNELBASE.dll
0x00007ffe3fed0000 - 0x00007ffe3ff71000 	C:\WINDOWS\System32\ADVAPI32.dll
0x00007ffe3ffe0000 - 0x00007ffe4007e000 	C:\WINDOWS\System32\msvcrt.dll
0x00007ffe3f100000 - 0x00007ffe3f15b000 	C:\WINDOWS\System32\sechost.dll
0x00007ffe3fda0000 - 0x00007ffe3fec4000 	C:\WINDOWS\System32\RPCRT4.dll
0x00007ffe3f360000 - 0x00007ffe3f4f0000 	C:\WINDOWS\System32\USER32.dll
0x00007ffe3e580000 - 0x00007ffe3e5a0000 	C:\WINDOWS\System32\win32u.dll
0x00007ffe3fb20000 - 0x00007ffe3fb48000 	C:\WINDOWS\System32\GDI32.dll
0x00007ffe3e2e0000 - 0x00007ffe3e471000 	C:\WINDOWS\System32\gdi32full.dll
0x00007ffe3e5a0000 - 0x00007ffe3e63f000 	C:\WINDOWS\System32\msvcp_win.dll
0x00007ffe3e480000 - 0x00007ffe3e578000 	C:\WINDOWS\System32\ucrtbase.dll
0x00007ffe334c0000 - 0x00007ffe33729000 	C:\WINDOWS\WinSxS\amd64_microsoft.windows.common-controls_6595b64144ccf1df_6.0.17134.829_none_fb46a5473061b9d5\COMCTL32.dll
0x00007ffe414c0000 - 0x00007ffe417e2000 	C:\WINDOWS\System32\combase.dll
0x00007ffe3ef40000 - 0x00007ffe3efba000 	C:\WINDOWS\System32\bcryptPrimitives.dll
0x00007ffe3fb50000 - 0x00007ffe3fb7d000 	C:\WINDOWS\System32\IMM32.DLL
0x000000005a850000 - 0x000000005a922000 	C:\Program Files\Java\jdk1.8.0_172\jre\bin\msvcr100.dll
0x0000000058800000 - 0x00000000590a3000 	C:\Program Files\Java\jdk1.8.0_172\jre\bin\server\jvm.dll
0x00007ffe41ae0000 - 0x00007ffe41ae8000 	C:\WINDOWS\System32\PSAPI.DLL
0x00007ffe28cd0000 - 0x00007ffe28cd9000 	C:\WINDOWS\SYSTEM32\WSOCK32.dll
0x00007ffe3a070000 - 0x00007ffe3a093000 	C:\WINDOWS\SYSTEM32\WINMM.dll
0x00007ffe37d90000 - 0x00007ffe37d9a000 	C:\WINDOWS\SYSTEM32\VERSION.dll
0x00007ffe41a70000 - 0x00007ffe41adc000 	C:\WINDOWS\System32\WS2_32.dll
0x00007ffe3a040000 - 0x00007ffe3a06a000 	C:\WINDOWS\SYSTEM32\winmmbase.dll
0x00007ffe3df60000 - 0x00007ffe3dfa9000 	C:\WINDOWS\System32\cfgmgr32.dll
0x000000005a840000 - 0x000000005a84f000 	C:\Program Files\Java\jdk1.8.0_172\jre\bin\verify.dll
0x000000005a810000 - 0x000000005a839000 	C:\Program Files\Java\jdk1.8.0_172\jre\bin\java.dll
0x000000005a7f0000 - 0x000000005a806000 	C:\Program Files\Java\jdk1.8.0_172\jre\bin\zip.dll

VM Arguments:
jvm_args: -Dfile.encoding=GBK 
java_command: game2.game2
java_class_path (initial): F:\JavaEE_WorkSpace\game2\bin
Launcher Type: SUN_STANDARD

Environment Variables:
JAVA_HOME=C:\Program Files\Java\jdk1.8.0_191
CLASSPATH=.;%C:\Program Files\Java\jdk1.8.0_191%\lib\dt.jar;%C:\Program Files\Java\jdk1.8.0_191%\lib\tools.jar£»
USERNAME=admin
OS=Windows_NT
PROCESSOR_IDENTIFIER=Intel64 Family 6 Model 158 Stepping 9, GenuineIntel



---------------  S Y S T E M  ---------------

OS: Windows 10.0 , 64 bit Build 17134 (10.0.17134.753)

CPU:total 8 (initial active 8) (4 cores per cpu, 2 threads per core) family 6 model 158 stepping 9, cmov, cx8, fxsr, mmx, sse, sse2, sse3, ssse3, sse4.1, sse4.2, popcnt, avx, avx2, aes, clmul, erms, 3dnowpref, lzcnt, ht, tsc, tscinvbit, bmi1, bmi2, adx

Memory: 4k page, physical 16733260k(7991644k free), swap 37094960k(6068k free)

vm_info: Java HotSpot(TM) 64-Bit Server VM (25.172-b11) for windows-amd64 JRE (1.8.0_172-b11), built on Mar 28 2018 21:21:52 by "java_re" with MS VC++ 10.0 (VS2010)

time: Tue Jun 25 23:54:43 2019
elapsed time: 0 seconds (0d 0h 0m 0s)

